<?xml version="1.0" encoding="UTF-8"?>
<!-- Generated by org.testng.reporters.JUnitReportReporter -->
<testsuite skipped="0" hostname="Ibrahims-MBP" name="com.qa.verizon.tests.HomePageTest" tests="1" failures="0" timestamp="2020-10-20T18:22:33 EDT" time="14.847" errors="0">
  <testcase name="clickingSmartphone" time="14.847" classname="com.qa.verizon.tests.HomePageTest"/>
  <system-out/>
</testsuite> <!-- com.qa.verizon.tests.HomePageTest -->
